Build started 11/4/2013 10:46:13 PM.
     1>Project "C:\Users\Amy\Documents\Visual Studio 2010\Projects\LAB 4 Military Clock GUI\LAB 4 Military Clock GUI\LAB 4 Military Clock GUI.vcxproj" on node 2 (build target(s)).
     1>InitializeBuildStatus:
         Creating "Debug\LAB 4 Military Clock GUI.unsuccessfulbuild" because "AlwaysCreate" was specified.
       GenerateTargetFrameworkMonikerAttribute:
       Skipping target "GenerateTargetFrameworkMonikerAttribute" because all output files are up-to-date with respect to the input files.
       ClCompile:
         All outputs are up-to-date.
         C:\Program Files (x86)\Microsoft Visual Studio 10.0\VC\bin\CL.exe /c /AI"C:\Program Files (x86)\Reference Assemblies\Microsoft\Framework\.NETFramework\v4.0" /Zi /clr:pure /nologo /W3 /WX- /Od /Oy- /D WIN32 /D _DEBUG /D _UNICODE /D UNICODE /EHa /MDd /GS /fp:precise /Zc:wchar_t /Zc:forScope /Yu"StdAfx.h" /Fp"Debug\LAB 4 Military Clock GUI.pch" /Fo"Debug\\" /Fd"Debug\vc100.pdb" /TP /FU"C:\Program Files (x86)\Reference Assemblies\Microsoft\Framework\.NETFramework\v4.0\System.Core.dll" /FU"C:\Program Files (x86)\Reference Assemblies\Microsoft\Framework\.NETFramework\v4.0\System.Data.dll" /FU"C:\Program Files (x86)\Reference Assemblies\Microsoft\Framework\.NETFramework\v4.0\System.dll" /FU"C:\Program Files (x86)\Reference Assemblies\Microsoft\Framework\.NETFramework\v4.0\System.Drawing.dll" /FU"C:\Program Files (x86)\Reference Assemblies\Microsoft\Framework\.NETFramework\v4.0\System.Windows.Forms.dll" /FU"C:\Program Files (x86)\Reference Assemblies\Microsoft\Framework\.NETFramework\v4.0\System.Xml.dll" /analyze- /errorReport:prompt "LAB 4 Military Clock GUI.cpp" /clr:nostdlib 
         LAB 4 Military Clock GUI.cpp
         All outputs are up-to-date.
       CoreResGen:
         "C:\Program Files (x86)\Microsoft SDKs\Windows\v7.0A\bin\NETFX 4.0 Tools\resgen.exe" /useSourcePath /r:"C:\Program Files (x86)\Reference Assemblies\Microsoft\Framework\.NETFramework\v4.0\System.Core.dll" /r:"C:\Program Files (x86)\Reference Assemblies\Microsoft\Framework\.NETFramework\v4.0\System.Data.dll" /r:"C:\Program Files (x86)\Reference Assemblies\Microsoft\Framework\.NETFramework\v4.0\System.dll" /r:"C:\Program Files (x86)\Reference Assemblies\Microsoft\Framework\.NETFramework\v4.0\System.Drawing.dll" /r:"C:\Program Files (x86)\Reference Assemblies\Microsoft\Framework\.NETFramework\v4.0\System.Windows.Forms.dll" /r:"C:\Program Files (x86)\Reference Assemblies\Microsoft\Framework\.NETFramework\v4.0\System.Xml.dll" /compile Form1.resX,Debug\LAB4MilitaryClockGUI.Form1.resources
         Processing resource file "Form1.resX" into "Debug\LAB4MilitaryClockGUI.Form1.resources".
       ResourceCompile:
         All outputs are up-to-date.
       Link:
         C:\Program Files (x86)\Microsoft Visual Studio 10.0\VC\bin\link.exe /ERRORREPORT:PROMPT /OUT:"C:\Users\Amy\Documents\Visual Studio 2010\Projects\LAB 4 Military Clock GUI\Debug\LAB 4 Military Clock GUI.exe" /INCREMENTAL /NOLOGO /ASSEMBLYRESOURCE:Debug\LAB4MilitaryClockGUI.Form1.resources /MANIFEST /ManifestFile:"Debug\LAB 4 Military Clock GUI.exe.intermediate.manifest" /MANIFESTUAC:"level='asInvoker' uiAccess='false'" /DEBUG /PDB:"C:\Users\Amy\Documents\Visual Studio 2010\Projects\LAB 4 Military Clock GUI\Debug\LAB 4 Military Clock GUI.pdb" /ASSEMBLYDEBUG /SUBSYSTEM:WINDOWS /TLBID:1 /ENTRY:"main" /DYNAMICBASE /FIXED:NO /NXCOMPAT /MACHINE:X86 Debug\app.res
         Debug\AssemblyInfo.obj
         "Debug\LAB 4 Military Clock GUI.obj"
         Debug\stdafx.obj
         "Debug\.NETFramework,Version=v4.0.AssemblyAttributes.obj"
         LAB 4 Military Clock GUI.vcxproj -> C:\Users\Amy\Documents\Visual Studio 2010\Projects\LAB 4 Military Clock GUI\Debug\LAB 4 Military Clock GUI.exe
       Manifest:
         C:\Program Files (x86)\Microsoft SDKs\Windows\v7.0A\bin\mt.exe /nologo /verbose /outputresource:"C:\Users\Amy\Documents\Visual Studio 2010\Projects\LAB 4 Military Clock GUI\Debug\LAB 4 Military Clock GUI.exe;#1" /manifest "Debug\LAB 4 Military Clock GUI.exe.intermediate.manifest"
       FinalizeBuildStatus:
         Deleting file "Debug\LAB 4 Military Clock GUI.unsuccessfulbuild".
         Touching "Debug\LAB 4 Military Clock GUI.lastbuildstate".
     1>Done Building Project "C:\Users\Amy\Documents\Visual Studio 2010\Projects\LAB 4 Military Clock GUI\LAB 4 Military Clock GUI\LAB 4 Military Clock GUI.vcxproj" (build target(s)).

Build succeeded.

Time Elapsed 00:00:02.03
